[INFO] Scanning for projects...
[INFO] 
[INFO] ---------------< com.rapid7.presto:presto-query-builder >---------------
[INFO] Building presto-query-builder 0.0.32-SNAPSHOT
[INFO]   from pom.xml
[INFO] --------------------------------[ jar ]---------------------------------
[INFO] 
[INFO] >>> rewrite:5.23.1:run (default-cli) > process-test-classes @ presto-query-builder >>>
[INFO] 
[INFO] --- resources:3.3.1:resources (default-resources) @ presto-query-builder ---
[WARNING] Using platform encoding (UTF-8 actually) to copy filtered resources, i.e. build is platform dependent!
[INFO] skip non existing resourceDirectory /Users/cmayne/dev/workspaces/rapid7/insightvm/modules/cloud/data-services/presto-query-builder/src/main/resources
[INFO] 
[INFO] --- compiler:3.8.0:compile (default-compile) @ presto-query-builder ---
[INFO] Not compiling main sources
[INFO] 
[INFO] --- resources:3.3.1:testResources (default-testResources) @ presto-query-builder ---
[INFO] Not copying test resources
[INFO] 
[INFO] --- compiler:3.8.0:testCompile (default-testCompile) @ presto-query-builder ---
[INFO] Not compiling test sources
[INFO] 
[INFO] <<< rewrite:5.23.1:run (default-cli) < process-test-classes @ presto-query-builder <<<
[INFO] 
[INFO] 
[INFO] --- rewrite:5.23.1:run (default-cli) @ presto-query-builder ---
[INFO] Using active recipe(s) [com.rapid7.insightvm.migrations.LibraryUpgradeSpringBoot32]
[INFO] Using active styles(s) []
[INFO] Validating active recipes...
[INFO] Project [presto-query-builder] Resolving Poms...
[INFO] Project [presto-query-builder] Parsing source files
[INFO] Running recipe(s)...
[WARNING] Generated new file google_checks.xml by:
[WARNING]     com.rapid7.insightvm.migrations.LibraryUpgradeSpringBoot32
[WARNING]         com.rapid7.insightvm.migrations.PostParentPom9Upgrade
[WARNING]             com.rapid7.insightvm.migrations.EnableCheckstyle
[WARNING]                 org.openrewrite.text.CreateTextFile: {fileContents=<?xml version="1.0" encoding="UTF-8"?> <!DOCTYPE module PUBLIC "-//Puppy Crawl//DTD Check Configuration 1.3//EN" "https://checkstyle.org/dtds/configuration_1_3.dtd"> <!--
    Google coding standards adapted from https://github.com/checkstyle/checkstyle with several minor deviations:

    1. Single-line curly braces are optional
    2. Rapid7 copyright header required
    3. Import statements do not have grouping and Rapid7 imports come first
    4. Line length restrictions removed
--> <module name="Checker">
  <property name="severity" value="warning"/>
  <property name="charset" value="UTF-8"/>
  <property name="fileExtensions" value="java, properties, xml"/>
  <module name="TreeWalker">
    <module name="OuterTypeFilename"/>
    <module name="IllegalTokenText">
      <property name="tokens" value="STRING_LITERAL, CHAR_LITERAL"/>
      <property name="format" value="\\u00(08|09|0(a|A)|0(c|C)|0(d|D)|22|27|5(C|c))|\\(0(10|11|12|14|15|42|47)|134)"/>
      <property name="message" value="Avoid using corresponding octal or Unicode escape."/>
    </module>
    <module name="AvoidEscapedUnicodeCharacters">
      <property name="allowEscapesForControlCharacters" value="true"/>
      <property name="allowByTailComment" value="true"/>
      <property name="allowNonPrintableEscapes" value="true"/>
    </module>
    <module name="AvoidStarImport"/>
    <module name="OneTopLevelClass"/>
    <module name="NoLineWrap"/>
    <module name="EmptyBlock">
      <property name="option" value="TEXT"/>
      <property name="tokens" value="LITERAL_TRY, LITERAL_FINALLY, LITERAL_IF, LITERAL_ELSE, LITERAL_SWITCH"/>
    </module>
    <module name="LeftCurly"/>
    <module name="RightCurly">
      <property name="option" value="alone"/>
      <property name="tokens" value="CLASS_DEF, METHOD_DEF, CTOR_DEF, LITERAL_FOR, LITERAL_WHILE, LITERAL_DO, STATIC_INIT, INSTANCE_INIT"/>
    </module>
    <module name="WhitespaceAround">
      <property name="allowEmptyConstructors" value="true"/>
      <property name="allowEmptyMethods" value="true"/>
      <property name="allowEmptyTypes" value="true"/>
      <property name="allowEmptyLoops" value="true"/>
      <message key="ws.notPreceded" value="WhitespaceAround: ''{0}'' is not preceded with whitespace."/>
      <message key="ws.notFollowed" value="WhitespaceAround: ''{0}'' is not followed by whitespace. Empty blocks may only be represented as '{}' when not part of a multi-block statement (4.1.3)"/>
    </module>
    <module name="OneStatementPerLine"/>
    <module name="MultipleVariableDeclarations"/>
    <module name="ArrayTypeStyle"/>
    <module name="MissingSwitchDefault"/>
    <module name="FallThrough"/>
    <module name="UpperEll"/>
    <module name="ModifierOrder"/>
    <module name="SeparatorWrap">
      <property name="option" value="nl"/>
      <property name="tokens" value="DOT"/>
    </module>
    <module name="SeparatorWrap">
      <property name="option" value="EOL"/>
      <property name="tokens" value="COMMA"/>
    </module>
    <module name="PackageName">
      <property name="format" value="^[a-z]+(\.[a-z][a-z0-9]*)*$"/>
      <message key="name.invalidPattern" value="Package name ''{0}'' must match pattern ''{1}''."/>
    </module>
    <module name="TypeName">
      <message key="name.invalidPattern" value="Type name ''{0}'' must match pattern ''{1}''."/>
    </module>
    <module name="MemberName">
      <property name="format" value="^[a-z][a-z0-9][a-zA-Z0-9]*$"/>
      <message key="name.invalidPattern" value="Member name ''{0}'' must match pattern ''{1}''."/>
    </module>
    <module name="ParameterName">
      <property name="format" value="^[a-z][a-z0-9][a-zA-Z0-9]*$"/>
      <message key="name.invalidPattern" value="Parameter name ''{0}'' must match pattern ''{1}''."/>
    </module>
    <module name="CatchParameterName">
      <property name="format" value="^[a-z][a-z0-9][a-zA-Z0-9]*$"/>
      <message key="name.invalidPattern" value="Catch parameter name ''{0}'' must match pattern ''{1}''."/>
    </module>
    <module name="LocalVariableName">
      <property name="format" value="^[a-z][a-z0-9][a-zA-Z0-9]*$"/>
      <property name="allowOneCharVarInForLoop" value="true"/>
      <property name="tokens" value="VARIABLE_DEF"/>
      <message key="name.invalidPattern" value="Local variable name ''{0}'' must match pattern ''{1}''."/>
    </module>
    <module name="ClassTypeParameterName">
      <property name="format" value="(^[A-Z][0-9]?)$|([A-Z][a-zA-Z0-9]*[T]$)"/>
      <message key="name.invalidPattern" value="Class type name ''{0}'' must match pattern ''{1}''."/>
    </module>
    <module name="MethodTypeParameterName">
      <property name="format" value="(^[A-Z][0-9]?)$|([A-Z][a-zA-Z0-9]*[T]$)"/>
      <message key="name.invalidPattern" value="Method type name ''{0}'' must match pattern ''{1}''."/>
    </module>
    <module name="InterfaceTypeParameterName">
      <property name="format" value="(^[A-Z][0-9]?)$|([A-Z][a-zA-Z0-9]*[T]$)"/>
      <message key="name.invalidPattern" value="Interface type name ''{0}'' must match pattern ''{1}''."/>
    </module>
    <module name="NoFinalizer"/>
    <module name="GenericWhitespace">
      <message key="ws.notPreceded" value="GenericWhitespace ''{0}'' is not preceded with whitespace."/>
      <message key="ws.followed" value="GenericWhitespace ''{0}'' is followed by whitespace."/>
      <message key="ws.preceded" value="GenericWhitespace ''{0}'' is preceded with whitespace."/>
      <message key="ws.illegalFollow" value="GenericWhitespace ''{0}'' should followed by whitespace."/>
    </module>
    <module name="Indentation">
      <property name="basicOffset" value="2"/>
      <property name="caseIndent" value="2"/>
      <property name="arrayInitIndent" value="2"/>
    </module>
    <module name="AbbreviationAsWordInName">
      <property name="allowedAbbreviationLength" value="1"/>
      <property name="ignoreFinal" value="false"/>
    </module>
    <module name="ImportOrder">
      <property name="option" value="bottom"/>
      <property name="groups" value="com.rapid7,org.rapid7,com.*,gnu.*,java.*,javax.*,org.*"/>
    </module>
    <module name="MethodParamPad"/>
    <module name="OperatorWrap">
      <property name="option" value="NL"/>
      <property name="tokens" value="BAND, BOR, BSR, BXOR, DIV, EQUAL, GE, GT, LAND, LE, LITERAL_INSTANCEOF, LOR, LT, MINUS, MOD, NOT_EQUAL, PLUS, QUESTION, SL, SR, STAR "/>
    </module>
    <module name="AnnotationLocation">
      <property name="tokens" value="CLASS_DEF, INTERFACE_DEF, ENUM_DEF, METHOD_DEF, CTOR_DEF"/>
    </module>
    <module name="AnnotationLocation">
      <property name="tokens" value="VARIABLE_DEF"/>
      <property name="allowSamelineMultipleAnnotations" value="true"/>
    </module>
    <module name="NonEmptyAtclauseDescription"/>
    <module name="JavadocTagContinuationIndentation"/>
    <module name="JavadocParagraph"/>
    <module name="AtclauseOrder">
      <property name="target" value="CLASS_DEF, INTERFACE_DEF, ENUM_DEF, METHOD_DEF, CTOR_DEF, VARIABLE_DEF"/>
      <property name="tagOrder" value="@param, @return, @throws, @deprecated"/>
    </module>
    <module name="JavadocMethod">
      <property name="accessModifiers" value="public"/>
      <property name="allowMissingParamTags" value="true"/>
      <property name="allowMissingReturnTag" value="true"/>
      <property name="severity" value="ignore"/>
      <property name="allowedAnnotations" value="Override, Test"/>
      <metadata name="net.sf.eclipsecs.core.lastEnabledSeverity" value="inherit"/>
    </module>
    <module name="MethodName">
      <property name="format" value="^[a-z][a-z0-9][a-zA-Z0-9_]*$"/>
      <message key="name.invalidPattern" value="Method name ''{0}'' must match pattern ''{1}''."/>
    </module>
    <module name="EmptyCatchBlock">
      <property name="exceptionVariableName" value="expected"/>
    </module>
    <module name="CommentsIndentation"/>
  </module>
  <module name="FileTabCharacter">
    <property name="eachLine" value="true"/>
  </module>
  <!-- Check copyright on Java files -->
  <module name="RegexpHeader">
    <property name="id" value="CopyrightHeader"/>
    <property name="fileExtensions" value="java"/>
    <property name="header" value="^/\*{75}\n \* COPYRIGHT \(C\) \d{4}(-\d{4})?, Rapid7 LLC, Boston, MA, USA\.\n \* All rights reserved\. This material contains unpublished, copyrighted\n \* work including confidential and proprietary information of Rapid7\.\n \*{74}/\n"/>
    <message key="header.missing" value="Missing Rapid7 copyright header."/>
    <message key="header.mismatch" value="File header does not match the Rapid7 copyright header."/>
  </module>
  <!-- Check copyright on Java files -->
  <module name="RegexpHeader">
    <property name="id" value="CopyrightHeader"/>
    <property name="fileExtensions" value="properties"/>
    <property name="header" value="^#{75}\n# COPYRIGHT \(C\) \d{4}(-\d{4})?, Rapid7 LLC, Boston, MA, USA\.\n# All rights reserved\. This material contains unpublished, copyrighted\n# work including confidential and proprietary information of Rapid7\.\n#{75}\n"/>
    <message key="header.missing" value="Missing Rapid7 copyright header."/>
    <message key="header.mismatch" value="File header does not match the Rapid7 copyright header."/>
  </module>
</module>
, relativeFileName=google_checks.xml, overwriteExisting=true}
[WARNING] Changes have been made to pom.xml by:
[WARNING]     com.rapid7.insightvm.migrations.LibraryUpgradeSpringBoot32
[WARNING]         org.openrewrite.maven.IncrementProjectVersion: {groupId=*, artifactId=*, digit=MAJOR}
[WARNING]         com.rapid7.insightvm.migrations.CustomUpgradeSpringBoot32
[WARNING]             org.openrewrite.java.spring.boot3.UpgradeSpringBoot_3_2
[WARNING]                 org.openrewrite.java.spring.boot3.UpgradeSpringBoot_3_1
[WARNING]                     org.openrewrite.java.spring.boot3.UpgradeSpringBoot_3_0
[WARNING]                         org.openrewrite.java.spring.boot2.UpgradeSpringBoot_2_7
[WARNING]                             org.openrewrite.java.spring.boot2.UpgradeSpringBoot_2_6
[WARNING]                                 org.openrewrite.java.spring.boot2.UpgradeSpringBoot_2_5
[WARNING]                                     org.openrewrite.java.spring.boot2.UpgradeSpringBoot_2_4
[WARNING]                                         org.openrewrite.java.spring.boot2.SpringBoot2JUnit4to5Migration
[WARNING]                                             org.openrewrite.java.testing.junit5.JUnit4to5Migration
[WARNING]                                                 org.openrewrite.java.dependencies.RemoveDependency: {groupId=junit, artifactId=junit}
[WARNING]                                                     org.openrewrite.maven.RemoveDependency: {groupId=junit, artifactId=junit}
[WARNING]                                                 org.openrewrite.java.dependencies.AddDependency: {groupId=org.junit.jupiter, artifactId=junit-jupiter, version=5.x, onlyIfUsing=org.junit.Test, scope=test}
[WARNING]                                                 org.openrewrite.java.dependencies.AddDependency: {groupId=org.junit.jupiter, artifactId=junit-jupiter-api, version=5.x, onlyIfUsing=org.junit.Test, scope=test}
[WARNING]                         org.openrewrite.java.migrate.UpgradeToJava17
[WARNING]                             org.openrewrite.java.migrate.Java8toJava11
[WARNING]                                 org.openrewrite.java.migrate.JavaVersion11
[WARNING]                                     org.openrewrite.java.migrate.UpgradeJavaVersion: {version=11}
[WARNING]                                     org.openrewrite.java.migrate.maven.UseMavenCompilerPluginReleaseConfiguration: {releaseVersion=11}
[WARNING]                             org.openrewrite.java.migrate.JavaVersion17
[WARNING]                                 org.openrewrite.java.migrate.UpgradeJavaVersion: {version=17}
[WARNING]             org.openrewrite.maven.RemoveDependency: {groupId=org.junit.jupiter, artifactId=*}
[WARNING] Changes have been made to src/main/java/com/rapid7/presto/BasicSelectBuilder.java by:
[WARNING]     com.rapid7.insightvm.migrations.LibraryUpgradeSpringBoot32
[WARNING]         com.rapid7.insightvm.migrations.CustomUpgradeSpringBoot32
[WARNING]             org.openrewrite.java.spring.boot3.UpgradeSpringBoot_3_2
[WARNING]                 org.openrewrite.java.spring.boot3.UpgradeSpringBoot_3_1
[WARNING]                     org.openrewrite.java.spring.boot3.UpgradeSpringBoot_3_0
[WARNING]                         org.openrewrite.java.migrate.UpgradeToJava17
[WARNING]                             org.openrewrite.java.migrate.Java8toJava11
[WARNING]                                 org.openrewrite.java.migrate.JavaVersion11
[WARNING]                                     org.openrewrite.java.migrate.UpgradeJavaVersion: {version=11}
[WARNING]                                 org.openrewrite.java.migrate.util.OptionalNotPresentToIsEmpty
[WARNING]                             org.openrewrite.java.migrate.JavaVersion17
[WARNING]                                 org.openrewrite.java.migrate.UpgradeJavaVersion: {version=17}
[WARNING] Changes have been made to src/test/java/com/rapid7/presto/QueryFactoryTest.java by:
[WARNING]     com.rapid7.insightvm.migrations.LibraryUpgradeSpringBoot32
[WARNING]         com.rapid7.insightvm.migrations.CustomUpgradeSpringBoot32
[WARNING]             org.openrewrite.java.spring.boot3.UpgradeSpringBoot_3_2
[WARNING]                 org.openrewrite.java.spring.boot3.UpgradeSpringBoot_3_1
[WARNING]                     org.openrewrite.java.spring.boot3.UpgradeSpringBoot_3_0
[WARNING]                         org.openrewrite.java.spring.boot2.UpgradeSpringBoot_2_7
[WARNING]                             org.openrewrite.java.spring.boot2.UpgradeSpringBoot_2_6
[WARNING]                                 org.openrewrite.java.spring.boot2.UpgradeSpringBoot_2_5
[WARNING]                                     org.openrewrite.java.spring.boot2.UpgradeSpringBoot_2_4
[WARNING]                                         org.openrewrite.java.spring.boot2.SpringBoot2JUnit4to5Migration
[WARNING]                                             org.openrewrite.java.testing.junit5.JUnit4to5Migration
[WARNING]                                                 org.openrewrite.java.testing.junit5.AssertToAssertions
[WARNING]                                                 org.openrewrite.java.testing.junit5.UpdateTestAnnotation
[WARNING]                         org.openrewrite.java.migrate.UpgradeToJava17
[WARNING]                             org.openrewrite.java.migrate.Java8toJava11
[WARNING]                                 org.openrewrite.java.migrate.JavaVersion11
[WARNING]                                     org.openrewrite.java.migrate.UpgradeJavaVersion: {version=11}
[WARNING]                             org.openrewrite.java.migrate.JavaVersion17
[WARNING]                                 org.openrewrite.java.migrate.UpgradeJavaVersion: {version=17}
[WARNING]                             org.openrewrite.java.migrate.lang.UseTextBlocks: {convertStringsWithoutNewlines=true}
[WARNING]             org.openrewrite.java.testing.junit5.JUnit5BestPractices
[WARNING]                 org.openrewrite.java.testing.cleanup.TestsShouldNotBePublic
[WARNING] Please review and commit the results.
[INFO] ------------------------------------------------------------------------
[INFO] BUILD SUCCESS
[INFO] ------------------------------------------------------------------------
[INFO] Total time:  24.581 s
[INFO] Finished at: 2024-02-22T02:16:11Z
[INFO] ------------------------------------------------------------------------
